<?xml version="1.0" encoding="UTF-8"?>
<!-- Generated by org.testng.reporters.JUnitXMLReporter -->
<testsuite ignored="0" hostname="LAPTOP-5KMFOFH9" failures="0" tests="4" name="Default test" time="16.997" errors="0" timestamp="2024-03-16T22:28:59 IST">
  <testcase classname="com.SwagLabs.TestCases.CartPageTest" name="verifyCartPage" time="0.099"/>
  <testcase classname="com.SwagLabs.TestCases.CartPageTest" name="verifyProductRemove" time="2.097"/>
  <testcase classname="com.SwagLabs.TestCases.CartPageTest" name="verifyContinueShopping" time="4.381"/>
  <testcase classname="com.SwagLabs.TestCases.CartPageTest" name="verifyCheckoutPage" time="0.089"/>
</testsuite> <!-- Default test -->
