<?xml version="1.0" encoding="UTF-8"?>
<!-- Generated by org.testng.reporters.JUnitXMLReporter -->
<testsuite ignored="0" hostname="LAPTOP-5KMFOFH9" failures="0" tests="3" name="Test" time="21.471" errors="0" timestamp="2024-03-17T20:26:36 IST">
  <testcase classname="com.SwagLabs.TestCases.OverviewPageTest" name="verfiyUrl" time="0.023"/>
  <testcase classname="com.SwagLabs.TestCases.OverviewPageTest" name="verfiyTitle" time="0.02"/>
  <testcase classname="com.SwagLabs.TestCases.OverviewPageTest" name="verfiyOverviewOfOrder" time="0.311"/>
</testsuite> <!-- Test -->
