<?xml version="1.0" encoding="UTF-8"?>
<!-- Generated by org.testng.reporters.JUnitXMLReporter -->
<testsuite ignored="1" hostname="LAPTOP-5KMFOFH9" failures="0" tests="3" name="Test" time="0.063" errors="0" timestamp="2024-03-10T22:24:51 IST">
  <testcase classname="testngDemo.GroupingDemo" name="openApplication" time="0.01"/>
  <testcase classname="testngDemo.GroupingDemo" name="loginTest" time="0.001"/>
  <testcase classname="testngDemo.GroupingDemo" name="logoutTest" time="0.002"/>
  <testcase classname="testngDemo.GroupingDemo" name="loadTest" time="0.0">
    <ignored/>
  </testcase> <!-- loadTest -->
</testsuite> <!-- Test -->
