<?xml version="1.0" encoding="UTF-8"?>
<testng-results ignored="0" total="4" passed="4" failed="0" skipped="0">
  <reporter-output>
  </reporter-output>
  <suite started-at="2024-03-16T22:28:42 IST" name="Default suite" finished-at="2024-03-16T22:28:59 IST" duration-ms="16997">
    <groups>
    </groups>
    <test started-at="2024-03-16T22:28:42 IST" name="Default test" finished-at="2024-03-16T22:28:59 IST" duration-ms="16997">
      <class name="com.SwagLabs.TestCases.CartPageTest">
        <test-method is-config="true" signature="browserSetup()[pri:0, instance:com.SwagLabs.TestCases.CartPageTest@957e06]" started-at="2024-03-16T22:28:42 IST" name="browserSetup" finished-at="2024-03-16T22:28:45 IST" duration-ms="3257" status="PASS">
          <reporter-output>
          </reporter-output>
        </test-method> <!-- browserSetup -->
        <test-method is-config="true" signature="pageSetUp()[pri:0, instance:com.SwagLabs.TestCases.CartPageTest@957e06]" started-at="2024-03-16T22:28:45 IST" name="pageSetUp" finished-at="2024-03-16T22:28:52 IST" duration-ms="6989" status="PASS">
          <reporter-output>
          </reporter-output>
        </test-method> <!-- pageSetUp -->
        <test-method signature="verifyCartPage()[pri:1, instance:com.SwagLabs.TestCases.CartPageTest@957e06]" started-at="2024-03-16T22:28:52 IST" name="verifyCartPage" finished-at="2024-03-16T22:28:53 IST" duration-ms="99" status="PASS">
          <reporter-output>
          </reporter-output>
        </test-method> <!-- verifyCartPage -->
        <test-method signature="verifyProductRemove()[pri:2, instance:com.SwagLabs.TestCases.CartPageTest@957e06]" started-at="2024-03-16T22:28:53 IST" name="verifyProductRemove" finished-at="2024-03-16T22:28:55 IST" duration-ms="2097" status="PASS">
          <reporter-output>
          </reporter-output>
        </test-method> <!-- verifyProductRemove -->
        <test-method signature="verifyContinueShopping()[pri:3, instance:com.SwagLabs.TestCases.CartPageTest@957e06]" started-at="2024-03-16T22:28:55 IST" name="verifyContinueShopping" finished-at="2024-03-16T22:28:59 IST" duration-ms="4381" status="PASS">
          <reporter-output>
          </reporter-output>
        </test-method> <!-- verifyContinueShopping -->
        <test-method signature="verifyCheckoutPage()[pri:4, instance:com.SwagLabs.TestCases.CartPageTest@957e06]" started-at="2024-03-16T22:28:59 IST" name="verifyCheckoutPage" finished-at="2024-03-16T22:28:59 IST" duration-ms="89" status="PASS">
          <reporter-output>
          </reporter-output>
        </test-method> <!-- verifyCheckoutPage -->
      </class> <!-- com.SwagLabs.TestCases.CartPageTest -->
    </test> <!-- Default test -->
  </suite> <!-- Default suite -->
</testng-results>
