<?xml version="1.0" encoding="UTF-8"?>
<testng-results ignored="0" total="3" passed="3" failed="0" skipped="0">
  <reporter-output>
  </reporter-output>
  <suite started-at="2024-03-23T19:50:51 IST" name="Suite" finished-at="2024-03-23T19:51:12 IST" duration-ms="21370">
    <groups>
    </groups>
    <test started-at="2024-03-23T19:50:51 IST" name="Test" finished-at="2024-03-23T19:51:12 IST" duration-ms="21370">
      <class name="com.SwagLabs.TestCases.OverviewPageTest">
        <test-method is-config="true" signature="setUpReport()[pri:0, instance:com.SwagLabs.TestCases.OverviewPageTest@512baff6]" started-at="2024-03-23T19:50:51 IST" name="setUpReport" finished-at="2024-03-23T19:50:51 IST" duration-ms="20" status="PASS">
          <reporter-output>
          </reporter-output>
        </test-method> <!-- setUpReport -->
        <test-method is-config="true" signature="browserSetup()[pri:0, instance:com.SwagLabs.TestCases.OverviewPageTest@512baff6]" started-at="2024-03-23T19:50:51 IST" name="browserSetup" finished-at="2024-03-23T19:50:53 IST" duration-ms="2332" status="PASS">
          <reporter-output>
          </reporter-output>
        </test-method> <!-- browserSetup -->
        <test-method is-config="true" signature="pageSetUp()[pri:0, instance:com.SwagLabs.TestCases.OverviewPageTest@512baff6]" started-at="2024-03-23T19:50:53 IST" name="pageSetUp" finished-at="2024-03-23T19:51:12 IST" duration-ms="18657" status="PASS">
          <reporter-output>
          </reporter-output>
        </test-method> <!-- pageSetUp -->
        <test-method signature="verfiyUrl()[pri:1, instance:com.SwagLabs.TestCases.OverviewPageTest@512baff6]" started-at="2024-03-23T19:51:12 IST" name="verfiyUrl" finished-at="2024-03-23T19:51:12 IST" duration-ms="24" status="PASS">
          <reporter-output>
          </reporter-output>
        </test-method> <!-- verfiyUrl -->
        <test-method signature="verfiyTitle()[pri:2, instance:com.SwagLabs.TestCases.OverviewPageTest@512baff6]" started-at="2024-03-23T19:51:12 IST" name="verfiyTitle" finished-at="2024-03-23T19:51:12 IST" duration-ms="18" status="PASS">
          <reporter-output>
          </reporter-output>
        </test-method> <!-- verfiyTitle -->
        <test-method signature="verfiyOverviewOfOrder()[pri:3, instance:com.SwagLabs.TestCases.OverviewPageTest@512baff6]" started-at="2024-03-23T19:51:12 IST" name="verfiyOverviewOfOrder" finished-at="2024-03-23T19:51:12 IST" duration-ms="303" status="PASS">
          <reporter-output>
          </reporter-output>
        </test-method> <!-- verfiyOverviewOfOrder -->
        <test-method is-config="true" signature="reportFlush()[pri:0, instance:com.SwagLabs.TestCases.OverviewPageTest@512baff6]" started-at="2024-03-23T19:51:12 IST" name="reportFlush" finished-at="2024-03-23T19:51:12 IST" duration-ms="64" status="PASS">
          <reporter-output>
          </reporter-output>
        </test-method> <!-- reportFlush -->
      </class> <!-- com.SwagLabs.TestCases.OverviewPageTest -->
    </test> <!-- Test -->
  </suite> <!-- Suite -->
</testng-results>
